<?xml version="1.0" encoding="UTF-8"?>
<coverage generated="1765287217897" clover="3.2.0">
  <project timestamp="1765287217897" name="All files">
    <metrics statements="16" coveredstatements="6" conditionals="2" coveredconditionals="0" methods="6" coveredmethods="2" elements="24" coveredelements="8" complexity="0" loc="16" ncloc="16" packages="1" files="1" classes="1"/>
    <file name="todos.ts" path="C:\Users\diang\OneDrive\Documents\projet-ci-cd-iim\todos-client-server\packages\server\src\todos.ts">
      <metrics statements="16" coveredstatements="6" conditionals="2" coveredconditionals="0" methods="6" coveredmethods="2"/>
      <line num="11" count="1" type="stmt"/>
      <line num="15" count="1" type="stmt"/>
      <line num="16" count="1" type="stmt"/>
      <line num="22" count="1" type="stmt"/>
      <line num="23" count="1" type="stmt"/>
      <line num="24" count="1" type="stmt"/>
      <line num="28" count="0" type="stmt"/>
      <line num="29" count="0" type="stmt"/>
      <line num="30" count="0" type="cond" truecount="0" falsecount="2"/>
      <line num="31" count="0" type="stmt"/>
      <line num="32" count="0" type="stmt"/>
      <line num="34" count="0" type="stmt"/>
      <line num="38" count="0" type="stmt"/>
      <line num="39" count="0" type="stmt"/>
      <line num="40" count="0" type="stmt"/>
      <line num="41" count="0" type="stmt"/>
    </file>
  </project>
</coverage>
