{"C:\\Users\\diang\\OneDrive\\Documents\\projet-ci-cd-iim\\todos-client-server\\packages\\server\\src\\todos.ts": {"path":"C:\\Users\\diang\\OneDrive\\Documents\\projet-ci-cd-iim\\todos-client-server\\packages\\server\\src\\todos.ts","statementMap":{"0":{"start":{"line":11,"column":2},"end":{"line":11,"column":null}},"1":{"start":{"line":15,"column":16},"end":{"line":15,"column":null}},"2":{"start":{"line":16,"column":24},"end":{"line":21,"column":null}},"3":{"start":{"line":22,"column":2},"end":{"line":22,"column":null}},"4":{"start":{"line":23,"column":2},"end":{"line":23,"column":null}},"5":{"start":{"line":24,"column":2},"end":{"line":24,"column":null}},"6":{"start":{"line":28,"column":16},"end":{"line":28,"column":null}},"7":{"start":{"line":29,"column":15},"end":{"line":29,"column":null}},"8":{"start":{"line":29,"column":31},"end":{"line":29,"column":42}},"9":{"start":{"line":30,"column":2},"end":{"line":33,"column":null}},"10":{"start":{"line":31,"column":4},"end":{"line":31,"column":null}},"11":{"start":{"line":32,"column":4},"end":{"line":32,"column":null}},"12":{"start":{"line":34,"column":2},"end":{"line":34,"column":null}},"13":{"start":{"line":38,"column":16},"end":{"line":38,"column":null}},"14":{"start":{"line":39,"column":19},"end":{"line":39,"column":null}},"15":{"start":{"line":39,"column":37},"end":{"line":39,"column":48}},"16":{"start":{"line":40,"column":2},"end":{"line":40,"column":null}},"17":{"start":{"line":41,"column":2},"end":{"line":41,"column":null}}},"fnMap":{"0":{"name":"getAllTodos","decl":{"start":{"line":10,"column":22},"end":{"line":10,"column":53}},"loc":{"start":{"line":10,"column":53},"end":{"line":12,"column":null}},"line":10},"1":{"name":"addTodo","decl":{"start":{"line":14,"column":22},"end":{"line":14,"column":30}},"loc":{"start":{"line":14,"column":59},"end":{"line":25,"column":null}},"line":14},"2":{"name":"toggleTodo","decl":{"start":{"line":27,"column":22},"end":{"line":27,"column":33}},"loc":{"start":{"line":27,"column":72},"end":{"line":35,"column":null}},"line":27},"3":{"name":"(anonymous_3)","decl":{"start":{"line":29,"column":26},"end":{"line":29,"column":31}},"loc":{"start":{"line":29,"column":31},"end":{"line":29,"column":42}},"line":29},"4":{"name":"deleteTodo","decl":{"start":{"line":37,"column":22},"end":{"line":37,"column":33}},"loc":{"start":{"line":37,"column":76},"end":{"line":42,"column":null}},"line":37},"5":{"name":"(anonymous_5)","decl":{"start":{"line":39,"column":32},"end":{"line":39,"column":37}},"loc":{"start":{"line":39,"column":37},"end":{"line":39,"column":48}},"line":39}},"branchMap":{"0":{"loc":{"start":{"line":30,"column":2},"end":{"line":33,"column":null}},"type":"if","locations":[{"start":{"line":30,"column":2},"end":{"line":33,"column":null}},{"start":{},"end":{}}],"line":30}},"s":{"0":1,"1":1,"2":1,"3":1,"4":1,"5":1,"6":0,"7":0,"8":0,"9":0,"10":0,"11":0,"12":0,"13":0,"14":0,"15":0,"16":0,"17":0},"f":{"0":1,"1":1,"2":0,"3":0,"4":0,"5":0},"b":{"0":[0,0]},"meta":{"lastBranch":1,"lastFunction":6,"lastStatement":18,"seen":{"f:10:22:10:53":0,"s:11:2:11:Infinity":0,"f:14:22:14:30":1,"s:15:16:15:Infinity":1,"s:16:24:21:Infinity":2,"s:22:2:22:Infinity":3,"s:23:2:23:Infinity":4,"s:24:2:24:Infinity":5,"f:27:22:27:33":2,"s:28:16:28:Infinity":6,"s:29:15:29:Infinity":7,"f:29:26:29:31":3,"s:29:31:29:42":8,"b:30:2:33:Infinity:undefined:undefined:undefined:undefined":0,"s:30:2:33:Infinity":9,"s:31:4:31:Infinity":10,"s:32:4:32:Infinity":11,"s:34:2:34:Infinity":12,"f:37:22:37:33":4,"s:38:16:38:Infinity":13,"s:39:19:39:Infinity":14,"f:39:32:39:37":5,"s:39:37:39:48":15,"s:40:2:40:Infinity":16,"s:41:2:41:Infinity":17}}}
}
